\BOOKMARK [0][-]{chapter.1}{\376\377\0001\000.\000\040\000A\000\040\000r\000e\000n\000d\000s\000z\000e\000r\000\040\000a\000l\000a\000p\000j\000a\000i}{}% 1
\BOOKMARK [1][-]{section.1.1}{\376\377\0001\000.\0001\000.\000\040\000A\000\040\000k\000i\000s\000z\000o\000l\000g\000\341\000l\000\363\000\040\000h\000a\000r\000d\000v\000e\000r}{chapter.1}% 2
\BOOKMARK [1][-]{section.1.2}{\376\377\0001\000.\0002\000.\000\040\000A\000z\000\040\000A\000n\000d\000r\000o\000i\000d\000\040\000a\000l\000k\000a\000l\000m\000a\000z\000\341\000s}{chapter.1}% 3
\BOOKMARK [1][-]{section.1.3}{\376\377\0001\000.\0003\000.\000\040\000N\000o\000d\000e\000-\000R\000E\000D}{chapter.1}% 4
\BOOKMARK [1][-]{section.1.4}{\376\377\0001\000.\0004\000.\000\040\000M\000Q\000T\000T}{chapter.1}% 5
\BOOKMARK [1][-]{section.1.5}{\376\377\0001\000.\0005\000.\000\040\000O\000k\000o\000s\000\040\000e\000s\000z\000k\000\366\000z\000\366\000k}{chapter.1}% 6
\BOOKMARK [0][-]{chapter.2}{\376\377\0002\000.\000\040\000H\000a\000r\000d\000v\000e\000r}{}% 7
\BOOKMARK [1][-]{section.2.1}{\376\377\0002\000.\0001\000.\000\040\000O\000r\000a\000n\000g\000e\000\040\000P\000i\000\040\000Z\000e\000r\000o}{chapter.2}% 8
\BOOKMARK [1][-]{section.2.2}{\376\377\0002\000.\0002\000.\000\040\000O\000k\000o\000s\000\040\000e\000s\000z\000k\000\366\000z\000\366\000k}{chapter.2}% 9
\BOOKMARK [2][-]{subsection.2.2.1}{\376\377\0002\000.\0002\000.\0001\000.\000\040\000E\000S\000P\000\040\0008\0002\0006\0006}{section.2.2}% 10
\BOOKMARK [2][-]{subsection.2.2.2}{\376\377\0002\000.\0002\000.\0002\000.\000\040\000A\000n\000d\000r\000o\000i\000d\000o\000s\000\040\000e\000s\000z\000k\000\366\000z}{section.2.2}% 11
\BOOKMARK [2][-]{subsection.2.2.3}{\376\377\0002\000.\0002\000.\0003\000.\000\040\000E\000g\000y\000\351\000b\000\040\000e\000s\000z\000k\000\366\000z\000\366\000k}{section.2.2}% 12
\BOOKMARK [0][-]{chapter.3}{\376\377\0003\000.\000\040\000S\000z\000o\000f\000t\000v\000e\000r}{}% 13
\BOOKMARK [1][-]{section.3.1}{\376\377\0003\000.\0001\000.\000\040\000P\000M\0002}{chapter.3}% 14
\BOOKMARK [1][-]{section.3.2}{\376\377\0003\000.\0002\000.\000\040\000N\000o\000d\000e\000-\000R\000E\000D}{chapter.3}% 15
\BOOKMARK [2][-]{subsection.3.2.1}{\376\377\0003\000.\0002\000.\0001\000.\000\040\000F\000l\000o\000w}{section.3.2}% 16
\BOOKMARK [2][-]{subsection.3.2.2}{\376\377\0003\000.\0002\000.\0002\000.\000\040\000D\000a\000s\000h\000b\000o\000a\000r\000d}{section.3.2}% 17
\BOOKMARK [1][-]{section.3.3}{\376\377\0003\000.\0003\000.\000\040\000M\000Q\000T\000T}{chapter.3}% 18
\BOOKMARK [2][-]{subsection.3.3.1}{\376\377\0003\000.\0003\000.\0001\000.\000\040\000B\000r\000o\000k\000e\000r}{section.3.3}% 19
\BOOKMARK [2][-]{subsection.3.3.2}{\376\377\0003\000.\0003\000.\0002\000.\000\040\000K\000o\000n\000f\000i\000g\000u\000r\000\341\000l\000\341\000s}{section.3.3}% 20
\BOOKMARK [1][-]{section.3.4}{\376\377\0003\000.\0004\000.\000\040\000A\000n\000d\000r\000o\000i\000d}{chapter.3}% 21
\BOOKMARK [2][-]{subsection.3.4.1}{\376\377\0003\000.\0004\000.\0001\000.\000\040\000A\000c\000t\000i\000v\000i\000t\000y}{section.3.4}% 22
\BOOKMARK [2][-]{subsection.3.4.2}{\376\377\0003\000.\0004\000.\0002\000.\000\040\000F\000r\000a\000g\000m\000e\000n\000t\000e\000k}{section.3.4}% 23
\BOOKMARK [2][-]{subsection.3.4.3}{\376\377\0003\000.\0004\000.\0003\000.\000\040\000F\000e\000l\000h\000a\000s\000z\000n\000\341\000l\000\363\000i\000\040\000f\000e\000l\000\374\000l\000e\000t}{section.3.4}% 24
\BOOKMARK [2][-]{subsection.3.4.4}{\376\377\0003\000.\0004\000.\0004\000.\000\040\000K\000a\000p\000c\000s\000o\000l\000a\000t}{section.3.4}% 25
\BOOKMARK [2][-]{subsection.3.4.5}{\376\377\0003\000.\0004\000.\0005\000.\000\040\000K\000\341\000r\000t\000y\000\341\000k}{section.3.4}% 26
\BOOKMARK [2][-]{subsection.3.4.6}{\376\377\0003\000.\0004\000.\0006\000.\000\040\000K\000o\000m\000m\000u\000n\000i\000k\000\341\000c\000i\000\363}{section.3.4}% 27
\BOOKMARK [2][-]{subsection.3.4.7}{\376\377\0003\000.\0004\000.\0007\000.\000\040\000A\000d\000a\000t\000t\000\341\000r\000o\000l\000\341\000s\000,\000\040\000P\000r\000o\000f\000i\000l\000o\000k}{section.3.4}% 28
\BOOKMARK [1][-]{section.3.5}{\376\377\0003\000.\0005\000.\000\040\000T\000e\000s\000z\000t\000e\000l\000\351\000s}{chapter.3}% 29
\BOOKMARK [2][-]{subsection.3.5.1}{\376\377\0003\000.\0005\000.\0001\000.\000\040\000R\000e\000s\000z\000p\000o\000n\000z\000i\000v\000i\000t\000\341\000s}{section.3.5}% 30
\BOOKMARK [2][-]{subsection.3.5.2}{\376\377\0003\000.\0005\000.\0002\000.\000\040\000H\000i\000b\000a\000k\000e\000z\000e\000l\000\351\000s}{section.3.5}% 31
\BOOKMARK [2][-]{subsection.3.5.3}{\376\377\0003\000.\0005\000.\0003\000.\000\040\000E\000r\001\121\000f\000o\000r\000r\000\341\000s\000\040\000f\000e\000l\000h\000a\000s\000z\000n\000\341\000l\000\341\000s}{section.3.5}% 32
\BOOKMARK [0][-]{chapter.4}{\376\377\0004\000.\000\040\000A\000\040\000r\000e\000n\000s\000z\000e\000r\000\040\000m\001\161\000k\000\366\000d\000\351\000s\000e}{}% 33
\BOOKMARK [1][-]{section.4.1}{\376\377\0004\000.\0001\000.\000\040\000E\000l\000s\001\121\000\040\000i\000n\000d\000\355\000t\000\341\000s}{chapter.4}% 34
\BOOKMARK [2][-]{subsection.4.1.1}{\376\377\0004\000.\0001\000.\0001\000.\000\040\000S\000z\000e\000r\000v\000e\000r}{section.4.1}% 35
\BOOKMARK [2][-]{subsection.4.1.2}{\376\377\0004\000.\0001\000.\0002\000.\000\040\000A\000n\000d\000r\000o\000i\000d}{section.4.1}% 36
\BOOKMARK [1][-]{section.4.2}{\376\377\0004\000.\0002\000.\000\040\000T\000e\000l\000e\000f\000o\000n\000\040\000c\000s\000a\000t\000l\000a\000k\000o\000z\000t\000a\000t\000\341\000s\000a\000\040\000k\000i\000s\000z\000o\000l\000g\000\341\000l\000\363\000h\000o\000z}{chapter.4}% 37
\BOOKMARK [1][-]{section.4.3}{\376\377\0004\000.\0003\000.\000\040\000O\000k\000o\000s\000\040\000e\000s\000z\000k\000\366\000z\000\366\000k\000\040\000k\000e\000z\000e\000l\000\351\000s\000e\000\040\000a\000z\000\040\000a\000l\000k\000a\000l\000m\000a\000z\000\341\000s\000b\000a\000n}{chapter.4}% 38
\BOOKMARK [2][-]{subsection.4.3.1}{\376\377\0004\000.\0003\000.\0001\000.\000\040\000F\000e\000l\000i\000r\000a\000t\000k\000o\000z\000\341\000s\000,\000\040\000K\000\341\000r\000t\000y\000a\000r\000e\000n\000d\000s\000z\000e\000r}{section.4.3}% 39
\BOOKMARK [1][-]{section.4.4}{\376\377\0004\000.\0004\000.\000\040\000O\000k\000o\000s\000\040\000e\000s\000z\000k\000\366\000z\000\366\000k\000\040\000k\000e\000z\000e\000l\000\351\000s\000e\000\040\000a\000\040\000w\000e\000b\000e\000s\000\040\000f\000e\000l\000\374\000l\000e\000t\000e\000n}{chapter.4}% 40
\BOOKMARK [0][-]{chapter.5}{\376\377\0005\000.\000\040\000T\000o\000v\000\341\000b\000b\000f\000e\000j\000l\000e\000s\000z\000t\000\351\000s\000i\000\040\000l\000e\000h\000e\000t\001\121\000s\000\351\000g\000e\000k}{}% 41
